2012/06/16 11:27:57 [trace] [system.CModule] Loading "log" application component
in F:\web\AppServ\www\travel\hotel.php (13)
2012/06/16 11:27:57 [trace] [system.CModule] Loading "request" application component
in F:\web\AppServ\www\travel\hotel.php (13)
2012/06/16 11:27:57 [trace] [system.CModule] Loading "urlManager" application component
in F:\web\AppServ\www\travel\hotel.php (13)
2012/06/16 11:27:57 [trace] [system.CModule] Loading "user" application component
in F:\web\AppServ\www\travel\protected\hotel\components\AController.php (57)
in F:\web\AppServ\www\travel\protected\hotel\components\AController.php (46)
in F:\web\AppServ\www\travel\protected\hotel\controllers\site\IndexAction.php (4)
2012/06/16 11:27:57 [trace] [system.CModule] Loading "session" application component
in F:\web\AppServ\www\travel\protected\hotel\components\AController.php (57)
in F:\web\AppServ\www\travel\protected\hotel\components\AController.php (46)
in F:\web\AppServ\www\travel\protected\hotel\controllers\site\IndexAction.php (4)
2012/06/16 11:27:57 [trace] [system.CModule] Loading "db" application component
in F:\web\AppServ\www\travel\protected\hotel\components\AController.php (57)
in F:\web\AppServ\www\travel\protected\hotel\components\AController.php (46)
in F:\web\AppServ\www\travel\protected\hotel\controllers\site\IndexAction.php (4)
2012/06/16 11:27:57 [trace] [system.db.CDbConnection] Opening DB connection
in F:\web\AppServ\www\travel\protected\hotel\components\AController.php (57)
in F:\web\AppServ\www\travel\protected\hotel\components\AController.php (46)
in F:\web\AppServ\www\travel\protected\hotel\controllers\site\IndexAction.php (4)
2012/06/16 11:27:57 [trace] [system.db.CDbCommand] Executing SQL: DELETE FROM dbsession WHERE expire<1339817277
in F:\web\AppServ\www\travel\protected\hotel\components\AController.php (57)
in F:\web\AppServ\www\travel\protected\hotel\components\AController.php (46)
in F:\web\AppServ\www\travel\protected\hotel\controllers\site\IndexAction.php (4)
2012/06/16 11:27:57 [trace] [system.db.CDbCommand] Querying SQL: 
SELECT data FROM dbsession
WHERE expire>1339817277 AND id=:id

in F:\web\AppServ\www\travel\protected\hotel\components\AController.php (57)
in F:\web\AppServ\www\travel\protected\hotel\components\AController.php (46)
in F:\web\AppServ\www\travel\protected\hotel\controllers\site\IndexAction.php (4)
2012/06/16 11:27:57 [trace] [system.CModule] Loading "securityManager" application component
in F:\web\AppServ\www\travel\protected\hotel\components\AController.php (57)
in F:\web\AppServ\www\travel\protected\hotel\components\AController.php (46)
in F:\web\AppServ\www\travel\protected\hotel\controllers\site\IndexAction.php (4)
2012/06/16 11:27:57 [trace] [system.CModule] Loading "statePersister" application component
in F:\web\AppServ\www\travel\protected\hotel\components\AController.php (57)
in F:\web\AppServ\www\travel\protected\hotel\components\AController.php (46)
in F:\web\AppServ\www\travel\protected\hotel\controllers\site\IndexAction.php (4)
2012/06/16 11:27:57 [trace] [system.CModule] Loading "cache" application component
in F:\web\AppServ\www\travel\protected\hotel\components\AController.php (57)
in F:\web\AppServ\www\travel\protected\hotel\components\AController.php (46)
in F:\web\AppServ\www\travel\protected\hotel\controllers\site\IndexAction.php (4)
2012/06/16 11:27:57 [trace] [system.db.CDbCommand] Querying SQL: SHOW COLUMNS FROM `tr_members`
in F:\web\AppServ\www\travel\protected\models\User.php (36)
in F:\web\AppServ\www\travel\protected\hotel\components\AController.php (58)
in F:\web\AppServ\www\travel\protected\hotel\components\AController.php (46)
2012/06/16 11:27:57 [trace] [system.db.CDbCommand] Querying SQL: SHOW CREATE TABLE `tr_members`
in F:\web\AppServ\www\travel\protected\models\User.php (36)
in F:\web\AppServ\www\travel\protected\hotel\components\AController.php (58)
in F:\web\AppServ\www\travel\protected\hotel\components\AController.php (46)
2012/06/16 11:27:57 [trace] [system.caching.CFileCache] Saving "yii:dbschemamysql:host=localhost;dbname=travel:root:{{members}}" to cache
in F:\web\AppServ\www\travel\protected\models\User.php (36)
in F:\web\AppServ\www\travel\protected\hotel\components\AController.php (58)
in F:\web\AppServ\www\travel\protected\hotel\components\AController.php (46)
2012/06/16 11:27:57 [trace] [system.db.ar.CActiveRecord] User.findByPk()
in F:\web\AppServ\www\travel\protected\hotel\components\AController.php (59)
in F:\web\AppServ\www\travel\protected\hotel\components\AController.php (46)
in F:\web\AppServ\www\travel\protected\hotel\controllers\site\IndexAction.php (4)
2012/06/16 11:27:57 [trace] [system.db.CDbCommand] Querying SQL: SHOW COLUMNS FROM `tr_store`
in F:\web\AppServ\www\travel\protected\hotel\components\AController.php (59)
in F:\web\AppServ\www\travel\protected\hotel\components\AController.php (46)
in F:\web\AppServ\www\travel\protected\hotel\controllers\site\IndexAction.php (4)
2012/06/16 11:27:57 [trace] [system.db.CDbCommand] Querying SQL: SHOW CREATE TABLE `tr_store`
in F:\web\AppServ\www\travel\protected\hotel\components\AController.php (59)
in F:\web\AppServ\www\travel\protected\hotel\components\AController.php (46)
in F:\web\AppServ\www\travel\protected\hotel\controllers\site\IndexAction.php (4)
2012/06/16 11:27:57 [trace] [system.caching.CFileCache] Saving "yii:dbschemamysql:host=localhost;dbname=travel:root:{{store}}" to cache
in F:\web\AppServ\www\travel\protected\hotel\components\AController.php (59)
in F:\web\AppServ\www\travel\protected\hotel\components\AController.php (46)
in F:\web\AppServ\www\travel\protected\hotel\controllers\site\IndexAction.php (4)
2012/06/16 11:27:57 [trace] [system.db.CDbCommand] Querying SQL: SELECT `t`.`id` AS `t0_c0`, `t`.`user_salt` AS `t0_c1`, `t`.`user_password` AS `t0_c2`, `t`.`user_login` AS `t0_c3`, `t`.`avater` AS `t0_c4`, `t`.`real_name` AS `t0_c5`, `t`.`genter` AS `t0_c6`, `t`.`credits` AS `t0_c7`, `t`.`conpon` AS `t0_c8`, `t`.`user_email` AS `t0_c9`, `t`.`birthday` AS `t0_c10`, `t`.`code` AS `t0_c11`, `t`.`cell_phone` AS `t0_c12`, `t`.`address` AS `t0_c13`, `t`.`permissions` AS `t0_c14`, `t`.`invite_code` AS `t0_c15`, `t`.`station_id` AS `t0_c16`, `t`.`admin_status` AS `t0_c17`, `t`.`create_id` AS `t0_c18`, `t`.`create_time` AS `t0_c19`, `Station`.`id` AS `t1_c0`, `Station`.`user_id` AS `t1_c1`, `Station`.`name` AS `t1_c2`, `Station`.`store_logo` AS `t1_c3`, `Station`.`store_banner` AS `t1_c4`, `Station`.`company` AS `t1_c5`, `Station`.`company_logo` AS `t1_c6`, `Station`.`contacter` AS `t1_c7`, `Station`.`contacter_email` AS `t1_c8`, `Station`.`contacter_phone` AS `t1_c9`, `Station`.`contacter_qq` AS `t1_c10`, `Station`.`contacter_msn` AS `t1_c11`, `Station`.`store_phone` AS `t1_c12`, `Station`.`store_fax` AS `t1_c13`, `Station`.`store_address` AS `t1_c14`, `Station`.`coordinate` AS `t1_c15`, `Station`.`store_area` AS `t1_c16`, `Station`.`store_area_name` AS `t1_c17`, `Station`.`store_describe` AS `t1_c18`, `Station`.`is_top` AS `t1_c19`, `Station`.`is_vip` AS `t1_c20`, `Station`.`status` AS `t1_c21`, `Station`.`create_time` AS `t1_c22` FROM `tr_members` `t`  LEFT OUTER JOIN `tr_store` `Station` ON (`t`.`station_id`=`Station`.`id`)  WHERE (`t`.`id` IS NULL)
in F:\web\AppServ\www\travel\protected\hotel\components\AController.php (59)
in F:\web\AppServ\www\travel\protected\hotel\components\AController.php (46)
in F:\web\AppServ\www\travel\protected\hotel\controllers\site\IndexAction.php (4)
2012/06/16 11:27:58 [trace] [system.CModule] Loading "log" application component
in F:\web\AppServ\www\travel\hotel.php (13)
2012/06/16 11:27:58 [trace] [system.CModule] Loading "request" application component
in F:\web\AppServ\www\travel\hotel.php (13)
2012/06/16 11:27:58 [trace] [system.CModule] Loading "urlManager" application component
in F:\web\AppServ\www\travel\hotel.php (13)
2012/06/16 11:27:58 [trace] [system.CModule] Loading "db" application component
in F:\web\AppServ\www\travel\protected\hotel\controllers\site\LoginAction.php (14)
in F:\web\AppServ\www\travel\protected\components\BaseAction.php (12)
in F:\web\AppServ\www\travel\hotel.php (13)
2012/06/16 11:27:58 [trace] [system.db.CDbConnection] Opening DB connection
in F:\web\AppServ\www\travel\protected\hotel\controllers\site\LoginAction.php (14)
in F:\web\AppServ\www\travel\protected\components\BaseAction.php (12)
in F:\web\AppServ\www\travel\hotel.php (13)
2012/06/16 11:27:58 [trace] [system.CModule] Loading "cache" application component
in F:\web\AppServ\www\travel\protected\hotel\controllers\site\LoginAction.php (14)
in F:\web\AppServ\www\travel\protected\components\BaseAction.php (12)
in F:\web\AppServ\www\travel\hotel.php (13)
2012/06/16 11:27:58 [trace] [system.caching.CFileCache] Serving "yii:dbschemamysql:host=localhost;dbname=travel:root:{{members}}" from cache
in F:\web\AppServ\www\travel\protected\hotel\controllers\site\LoginAction.php (14)
in F:\web\AppServ\www\travel\protected\components\BaseAction.php (12)
in F:\web\AppServ\www\travel\hotel.php (13)
2012/06/16 11:27:58 [trace] [system.CModule] Loading "themeManager" application component
in F:\web\AppServ\www\travel\protected\components\BaseAction.php (18)
in F:\web\AppServ\www\travel\protected\hotel\controllers\site\LoginAction.php (26)
in F:\web\AppServ\www\travel\protected\components\BaseAction.php (12)
2012/06/16 11:27:58 [trace] [system.CModule] Loading "widgetFactory" application component
in F:\web\AppServ\www\travel\themes\hotel\views\site\login.php (8)
in F:\web\AppServ\www\travel\protected\components\BaseAction.php (18)
in F:\web\AppServ\www\travel\protected\hotel\controllers\site\LoginAction.php (26)
2012/06/16 11:27:58 [trace] [system.CModule] Loading "clientScript" application component
in F:\web\AppServ\www\travel\protected\components\widgets\hotel\views\admin_login.php (49)
in F:\web\AppServ\www\travel\protected\components\widgets\hotel\AdminLogin.php (18)
in F:\web\AppServ\www\travel\themes\hotel\views\site\login.php (8)
2012/06/16 11:27:58 [trace] [system.CModule] Loading "assetManager" application component
in F:\web\AppServ\www\travel\protected\components\BaseAction.php (18)
in F:\web\AppServ\www\travel\protected\hotel\controllers\site\LoginAction.php (26)
in F:\web\AppServ\www\travel\protected\components\BaseAction.php (12)
2012/06/16 11:27:58 [trace] [system.CModule] Loading "log" application component
in F:\web\AppServ\www\travel\hotel.php (13)
2012/06/16 11:27:58 [trace] [system.CModule] Loading "request" application component
in F:\web\AppServ\www\travel\hotel.php (13)
2012/06/16 11:27:58 [trace] [system.CModule] Loading "urlManager" application component
in F:\web\AppServ\www\travel\hotel.php (13)
2012/06/16 11:27:58 [trace] [system.CModule] Loading "coreMessages" application component
in F:\web\AppServ\www\travel\hotel.php (13)
2012/06/16 11:27:58 [error] [exception.CHttpException.404] exception 'CHttpException' with message 'The system is unable to find the requested action "favicon.ico".' in F:\web\AppServ\www\yii\framework\web\CController.php:484
Stack trace:
#0 F:\web\AppServ\www\yii\framework\web\CController.php(271): CController->missingAction('favicon.ico')
#1 F:\web\AppServ\www\yii\framework\web\CWebApplication.php(276): CController->run('favicon.ico')
#2 F:\web\AppServ\www\yii\framework\web\CWebApplication.php(135): CWebApplication->runController('site/favicon.ic...')
#3 F:\web\AppServ\www\yii\framework\base\CApplication.php(162): CWebApplication->processRequest()
#4 F:\web\AppServ\www\travel\hotel.php(13): CApplication->run()
#5 {main}
REQUEST_URI=/hotel.php/site/favicon.ico
---
2012/06/16 11:27:58 [trace] [system.CModule] Loading "errorHandler" application component
2012/06/16 11:27:58 [trace] [system.web.filters.CFilterChain] Running filter ErrorController.filteraccessControl()
2012/06/16 11:27:58 [trace] [system.CModule] Loading "user" application component
in F:\web\AppServ\www\travel\protected\hotel\components\AController.php (57)
in F:\web\AppServ\www\travel\protected\hotel\components\AController.php (51)
in F:\web\AppServ\www\travel\protected\hotel\controllers\error\Error404Action.php (4)
2012/06/16 11:27:58 [trace] [system.CModule] Loading "session" application component
in F:\web\AppServ\www\travel\protected\hotel\components\AController.php (57)
in F:\web\AppServ\www\travel\protected\hotel\components\AController.php (51)
in F:\web\AppServ\www\travel\protected\hotel\controllers\error\Error404Action.php (4)
2012/06/16 11:27:58 [trace] [system.CModule] Loading "db" application component
in F:\web\AppServ\www\travel\protected\hotel\components\AController.php (57)
in F:\web\AppServ\www\travel\protected\hotel\components\AController.php (51)
in F:\web\AppServ\www\travel\protected\hotel\controllers\error\Error404Action.php (4)
2012/06/16 11:27:58 [trace] [system.db.CDbConnection] Opening DB connection
in F:\web\AppServ\www\travel\protected\hotel\components\AController.php (57)
in F:\web\AppServ\www\travel\protected\hotel\components\AController.php (51)
in F:\web\AppServ\www\travel\protected\hotel\controllers\error\Error404Action.php (4)
2012/06/16 11:27:58 [trace] [system.db.CDbCommand] Executing SQL: DELETE FROM dbsession WHERE expire<1339817278
in F:\web\AppServ\www\travel\protected\hotel\components\AController.php (57)
in F:\web\AppServ\www\travel\protected\hotel\components\AController.php (51)
in F:\web\AppServ\www\travel\protected\hotel\controllers\error\Error404Action.php (4)
2012/06/16 11:27:58 [trace] [system.db.CDbCommand] Querying SQL: 
SELECT data FROM dbsession
WHERE expire>1339817278 AND id=:id

in F:\web\AppServ\www\travel\protected\hotel\components\AController.php (57)
in F:\web\AppServ\www\travel\protected\hotel\components\AController.php (51)
in F:\web\AppServ\www\travel\protected\hotel\controllers\error\Error404Action.php (4)
2012/06/16 11:27:58 [trace] [system.CModule] Loading "securityManager" application component
in F:\web\AppServ\www\travel\protected\hotel\components\AController.php (57)
in F:\web\AppServ\www\travel\protected\hotel\components\AController.php (51)
in F:\web\AppServ\www\travel\protected\hotel\controllers\error\Error404Action.php (4)
2012/06/16 11:27:58 [trace] [system.CModule] Loading "statePersister" application component
in F:\web\AppServ\www\travel\protected\hotel\components\AController.php (57)
in F:\web\AppServ\www\travel\protected\hotel\components\AController.php (51)
in F:\web\AppServ\www\travel\protected\hotel\controllers\error\Error404Action.php (4)
2012/06/16 11:27:58 [trace] [system.CModule] Loading "cache" application component
in F:\web\AppServ\www\travel\protected\hotel\components\AController.php (57)
in F:\web\AppServ\www\travel\protected\hotel\components\AController.php (51)
in F:\web\AppServ\www\travel\protected\hotel\controllers\error\Error404Action.php (4)
2012/06/16 11:27:58 [trace] [system.caching.CFileCache] Serving "yii:dbschemamysql:host=localhost;dbname=travel:root:{{members}}" from cache
in F:\web\AppServ\www\travel\protected\models\User.php (36)
in F:\web\AppServ\www\travel\protected\hotel\components\AController.php (58)
in F:\web\AppServ\www\travel\protected\hotel\components\AController.php (51)
2012/06/16 11:27:58 [trace] [system.db.ar.CActiveRecord] User.findByPk()
in F:\web\AppServ\www\travel\protected\hotel\components\AController.php (59)
in F:\web\AppServ\www\travel\protected\hotel\components\AController.php (51)
in F:\web\AppServ\www\travel\protected\hotel\controllers\error\Error404Action.php (4)
2012/06/16 11:27:58 [trace] [system.caching.CFileCache] Serving "yii:dbschemamysql:host=localhost;dbname=travel:root:{{store}}" from cache
in F:\web\AppServ\www\travel\protected\hotel\components\AController.php (59)
in F:\web\AppServ\www\travel\protected\hotel\components\AController.php (51)
in F:\web\AppServ\www\travel\protected\hotel\controllers\error\Error404Action.php (4)
2012/06/16 11:27:58 [trace] [system.db.CDbCommand] Querying SQL: SELECT `t`.`id` AS `t0_c0`, `t`.`user_salt` AS `t0_c1`, `t`.`user_password` AS `t0_c2`, `t`.`user_login` AS `t0_c3`, `t`.`avater` AS `t0_c4`, `t`.`real_name` AS `t0_c5`, `t`.`genter` AS `t0_c6`, `t`.`credits` AS `t0_c7`, `t`.`conpon` AS `t0_c8`, `t`.`user_email` AS `t0_c9`, `t`.`birthday` AS `t0_c10`, `t`.`code` AS `t0_c11`, `t`.`cell_phone` AS `t0_c12`, `t`.`address` AS `t0_c13`, `t`.`permissions` AS `t0_c14`, `t`.`invite_code` AS `t0_c15`, `t`.`station_id` AS `t0_c16`, `t`.`admin_status` AS `t0_c17`, `t`.`create_id` AS `t0_c18`, `t`.`create_time` AS `t0_c19`, `Station`.`id` AS `t1_c0`, `Station`.`user_id` AS `t1_c1`, `Station`.`name` AS `t1_c2`, `Station`.`store_logo` AS `t1_c3`, `Station`.`store_banner` AS `t1_c4`, `Station`.`company` AS `t1_c5`, `Station`.`company_logo` AS `t1_c6`, `Station`.`contacter` AS `t1_c7`, `Station`.`contacter_email` AS `t1_c8`, `Station`.`contacter_phone` AS `t1_c9`, `Station`.`contacter_qq` AS `t1_c10`, `Station`.`contacter_msn` AS `t1_c11`, `Station`.`store_phone` AS `t1_c12`, `Station`.`store_fax` AS `t1_c13`, `Station`.`store_address` AS `t1_c14`, `Station`.`coordinate` AS `t1_c15`, `Station`.`store_area` AS `t1_c16`, `Station`.`store_area_name` AS `t1_c17`, `Station`.`store_describe` AS `t1_c18`, `Station`.`is_top` AS `t1_c19`, `Station`.`is_vip` AS `t1_c20`, `Station`.`status` AS `t1_c21`, `Station`.`create_time` AS `t1_c22` FROM `tr_members` `t`  LEFT OUTER JOIN `tr_store` `Station` ON (`t`.`station_id`=`Station`.`id`)  WHERE (`t`.`id` IS NULL)
in F:\web\AppServ\www\travel\protected\hotel\components\AController.php (59)
in F:\web\AppServ\www\travel\protected\hotel\components\AController.php (51)
in F:\web\AppServ\www\travel\protected\hotel\controllers\error\Error404Action.php (4)
2012/06/16 11:27:58 [trace] [system.CModule] Loading "themeManager" application component
in F:\web\AppServ\www\travel\protected\components\BaseAction.php (18)
in F:\web\AppServ\www\travel\protected\hotel\controllers\error\Error404Action.php (8)
in F:\web\AppServ\www\travel\protected\components\BaseAction.php (12)
2012/06/16 11:27:58 [trace] [system.CModule] Loading "clientScript" application component
in F:\web\AppServ\www\travel\themes\hotel\views\layouts\none.php (10)
in F:\web\AppServ\www\travel\protected\components\BaseAction.php (18)
in F:\web\AppServ\www\travel\protected\hotel\controllers\error\Error404Action.php (8)
2012/06/16 11:27:58 [trace] [system.CModule] Loading "assetManager" application component
in F:\web\AppServ\www\travel\protected\components\BaseAction.php (18)
in F:\web\AppServ\www\travel\protected\hotel\controllers\error\Error404Action.php (8)
in F:\web\AppServ\www\travel\protected\components\BaseAction.php (12)
2012/06/16 11:27:58 [trace] [system.CModule] Loading "log" application component
in F:\web\AppServ\www\travel\hotel.php (13)
2012/06/16 11:27:58 [trace] [system.CModule] Loading "request" application component
in F:\web\AppServ\www\travel\hotel.php (13)
2012/06/16 11:27:58 [trace] [system.CModule] Loading "urlManager" application component
in F:\web\AppServ\www\travel\hotel.php (13)
2012/06/16 11:27:58 [trace] [system.CModule] Loading "coreMessages" application component
in F:\web\AppServ\www\travel\hotel.php (13)
2012/06/16 11:27:58 [error] [exception.CHttpException.404] exception 'CHttpException' with message 'The system is unable to find the requested action "favicon.ico".' in F:\web\AppServ\www\yii\framework\web\CController.php:484
Stack trace:
#0 F:\web\AppServ\www\yii\framework\web\CController.php(271): CController->missingAction('favicon.ico')
#1 F:\web\AppServ\www\yii\framework\web\CWebApplication.php(276): CController->run('favicon.ico')
#2 F:\web\AppServ\www\yii\framework\web\CWebApplication.php(135): CWebApplication->runController('site/favicon.ic...')
#3 F:\web\AppServ\www\yii\framework\base\CApplication.php(162): CWebApplication->processRequest()
#4 F:\web\AppServ\www\travel\hotel.php(13): CApplication->run()
#5 {main}
REQUEST_URI=/hotel.php/site/favicon.ico
---
2012/06/16 11:27:58 [trace] [system.CModule] Loading "errorHandler" application component
2012/06/16 11:27:58 [trace] [system.web.filters.CFilterChain] Running filter ErrorController.filteraccessControl()
2012/06/16 11:27:58 [trace] [system.CModule] Loading "user" application component
in F:\web\AppServ\www\travel\protected\hotel\components\AController.php (57)
in F:\web\AppServ\www\travel\protected\hotel\components\AController.php (51)
in F:\web\AppServ\www\travel\protected\hotel\controllers\error\Error404Action.php (4)
2012/06/16 11:27:58 [trace] [system.CModule] Loading "session" application component
in F:\web\AppServ\www\travel\protected\hotel\components\AController.php (57)
in F:\web\AppServ\www\travel\protected\hotel\components\AController.php (51)
in F:\web\AppServ\www\travel\protected\hotel\controllers\error\Error404Action.php (4)
2012/06/16 11:27:58 [trace] [system.CModule] Loading "db" application component
in F:\web\AppServ\www\travel\protected\hotel\components\AController.php (57)
in F:\web\AppServ\www\travel\protected\hotel\components\AController.php (51)
in F:\web\AppServ\www\travel\protected\hotel\controllers\error\Error404Action.php (4)
2012/06/16 11:27:58 [trace] [system.db.CDbConnection] Opening DB connection
in F:\web\AppServ\www\travel\protected\hotel\components\AController.php (57)
in F:\web\AppServ\www\travel\protected\hotel\components\AController.php (51)
in F:\web\AppServ\www\travel\protected\hotel\controllers\error\Error404Action.php (4)
2012/06/16 11:27:58 [trace] [system.db.CDbCommand] Executing SQL: DELETE FROM dbsession WHERE expire<1339817278
in F:\web\AppServ\www\travel\protected\hotel\components\AController.php (57)
in F:\web\AppServ\www\travel\protected\hotel\components\AController.php (51)
in F:\web\AppServ\www\travel\protected\hotel\controllers\error\Error404Action.php (4)
2012/06/16 11:27:58 [trace] [system.db.CDbCommand] Querying SQL: 
SELECT data FROM dbsession
WHERE expire>1339817278 AND id=:id

in F:\web\AppServ\www\travel\protected\hotel\components\AController.php (57)
in F:\web\AppServ\www\travel\protected\hotel\components\AController.php (51)
in F:\web\AppServ\www\travel\protected\hotel\controllers\error\Error404Action.php (4)
2012/06/16 11:27:58 [trace] [system.CModule] Loading "securityManager" application component
in F:\web\AppServ\www\travel\protected\hotel\components\AController.php (57)
in F:\web\AppServ\www\travel\protected\hotel\components\AController.php (51)
in F:\web\AppServ\www\travel\protected\hotel\controllers\error\Error404Action.php (4)
2012/06/16 11:27:58 [trace] [system.CModule] Loading "statePersister" application component
in F:\web\AppServ\www\travel\protected\hotel\components\AController.php (57)
in F:\web\AppServ\www\travel\protected\hotel\components\AController.php (51)
in F:\web\AppServ\www\travel\protected\hotel\controllers\error\Error404Action.php (4)
2012/06/16 11:27:58 [trace] [system.CModule] Loading "cache" application component
in F:\web\AppServ\www\travel\protected\hotel\components\AController.php (57)
in F:\web\AppServ\www\travel\protected\hotel\components\AController.php (51)
in F:\web\AppServ\www\travel\protected\hotel\controllers\error\Error404Action.php (4)
2012/06/16 11:27:58 [trace] [system.caching.CFileCache] Serving "yii:dbschemamysql:host=localhost;dbname=travel:root:{{members}}" from cache
in F:\web\AppServ\www\travel\protected\models\User.php (36)
in F:\web\AppServ\www\travel\protected\hotel\components\AController.php (58)
in F:\web\AppServ\www\travel\protected\hotel\components\AController.php (51)
2012/06/16 11:27:58 [trace] [system.db.ar.CActiveRecord] User.findByPk()
in F:\web\AppServ\www\travel\protected\hotel\components\AController.php (59)
in F:\web\AppServ\www\travel\protected\hotel\components\AController.php (51)
in F:\web\AppServ\www\travel\protected\hotel\controllers\error\Error404Action.php (4)
2012/06/16 11:27:58 [trace] [system.caching.CFileCache] Serving "yii:dbschemamysql:host=localhost;dbname=travel:root:{{store}}" from cache
in F:\web\AppServ\www\travel\protected\hotel\components\AController.php (59)
in F:\web\AppServ\www\travel\protected\hotel\components\AController.php (51)
in F:\web\AppServ\www\travel\protected\hotel\controllers\error\Error404Action.php (4)
2012/06/16 11:27:58 [trace] [system.db.CDbCommand] Querying SQL: SELECT `t`.`id` AS `t0_c0`, `t`.`user_salt` AS `t0_c1`, `t`.`user_password` AS `t0_c2`, `t`.`user_login` AS `t0_c3`, `t`.`avater` AS `t0_c4`, `t`.`real_name` AS `t0_c5`, `t`.`genter` AS `t0_c6`, `t`.`credits` AS `t0_c7`, `t`.`conpon` AS `t0_c8`, `t`.`user_email` AS `t0_c9`, `t`.`birthday` AS `t0_c10`, `t`.`code` AS `t0_c11`, `t`.`cell_phone` AS `t0_c12`, `t`.`address` AS `t0_c13`, `t`.`permissions` AS `t0_c14`, `t`.`invite_code` AS `t0_c15`, `t`.`station_id` AS `t0_c16`, `t`.`admin_status` AS `t0_c17`, `t`.`create_id` AS `t0_c18`, `t`.`create_time` AS `t0_c19`, `Station`.`id` AS `t1_c0`, `Station`.`user_id` AS `t1_c1`, `Station`.`name` AS `t1_c2`, `Station`.`store_logo` AS `t1_c3`, `Station`.`store_banner` AS `t1_c4`, `Station`.`company` AS `t1_c5`, `Station`.`company_logo` AS `t1_c6`, `Station`.`contacter` AS `t1_c7`, `Station`.`contacter_email` AS `t1_c8`, `Station`.`contacter_phone` AS `t1_c9`, `Station`.`contacter_qq` AS `t1_c10`, `Station`.`contacter_msn` AS `t1_c11`, `Station`.`store_phone` AS `t1_c12`, `Station`.`store_fax` AS `t1_c13`, `Station`.`store_address` AS `t1_c14`, `Station`.`coordinate` AS `t1_c15`, `Station`.`store_area` AS `t1_c16`, `Station`.`store_area_name` AS `t1_c17`, `Station`.`store_describe` AS `t1_c18`, `Station`.`is_top` AS `t1_c19`, `Station`.`is_vip` AS `t1_c20`, `Station`.`status` AS `t1_c21`, `Station`.`create_time` AS `t1_c22` FROM `tr_members` `t`  LEFT OUTER JOIN `tr_store` `Station` ON (`t`.`station_id`=`Station`.`id`)  WHERE (`t`.`id` IS NULL)
in F:\web\AppServ\www\travel\protected\hotel\components\AController.php (59)
in F:\web\AppServ\www\travel\protected\hotel\components\AController.php (51)
in F:\web\AppServ\www\travel\protected\hotel\controllers\error\Error404Action.php (4)
2012/06/16 11:27:58 [trace] [system.CModule] Loading "themeManager" application component
in F:\web\AppServ\www\travel\protected\components\BaseAction.php (18)
in F:\web\AppServ\www\travel\protected\hotel\controllers\error\Error404Action.php (8)
in F:\web\AppServ\www\travel\protected\components\BaseAction.php (12)
2012/06/16 11:27:58 [trace] [system.CModule] Loading "clientScript" application component
in F:\web\AppServ\www\travel\themes\hotel\views\layouts\none.php (10)
in F:\web\AppServ\www\travel\protected\components\BaseAction.php (18)
in F:\web\AppServ\www\travel\protected\hotel\controllers\error\Error404Action.php (8)
2012/06/16 11:27:58 [trace] [system.CModule] Loading "assetManager" application component
in F:\web\AppServ\www\travel\protected\components\BaseAction.php (18)
in F:\web\AppServ\www\travel\protected\hotel\controllers\error\Error404Action.php (8)
in F:\web\AppServ\www\travel\protected\components\BaseAction.php (12)
2012/06/16 11:27:59 [trace] [system.CModule] Loading "log" application component
in F:\web\AppServ\www\travel\hotel.php (13)
2012/06/16 11:27:59 [trace] [system.CModule] Loading "request" application component
in F:\web\AppServ\www\travel\hotel.php (13)
2012/06/16 11:27:59 [trace] [system.CModule] Loading "urlManager" application component
in F:\web\AppServ\www\travel\hotel.php (13)
2012/06/16 11:27:59 [trace] [system.CModule] Loading "coreMessages" application component
in F:\web\AppServ\www\travel\hotel.php (13)
2012/06/16 11:27:59 [error] [exception.CHttpException.404] exception 'CHttpException' with message 'The system is unable to find the requested action "favicon.ico".' in F:\web\AppServ\www\yii\framework\web\CController.php:484
Stack trace:
#0 F:\web\AppServ\www\yii\framework\web\CController.php(271): CController->missingAction('favicon.ico')
#1 F:\web\AppServ\www\yii\framework\web\CWebApplication.php(276): CController->run('favicon.ico')
#2 F:\web\AppServ\www\yii\framework\web\CWebApplication.php(135): CWebApplication->runController('site/favicon.ic...')
#3 F:\web\AppServ\www\yii\framework\base\CApplication.php(162): CWebApplication->processRequest()
#4 F:\web\AppServ\www\travel\hotel.php(13): CApplication->run()
#5 {main}
REQUEST_URI=/hotel.php/site/favicon.ico
---
2012/06/16 11:27:59 [trace] [system.CModule] Loading "errorHandler" application component
2012/06/16 11:27:59 [trace] [system.web.filters.CFilterChain] Running filter ErrorController.filteraccessControl()
2012/06/16 11:27:59 [trace] [system.CModule] Loading "user" application component
in F:\web\AppServ\www\travel\protected\hotel\components\AController.php (57)
in F:\web\AppServ\www\travel\protected\hotel\components\AController.php (51)
in F:\web\AppServ\www\travel\protected\hotel\controllers\error\Error404Action.php (4)
2012/06/16 11:27:59 [trace] [system.CModule] Loading "session" application component
in F:\web\AppServ\www\travel\protected\hotel\components\AController.php (57)
in F:\web\AppServ\www\travel\protected\hotel\components\AController.php (51)
in F:\web\AppServ\www\travel\protected\hotel\controllers\error\Error404Action.php (4)
2012/06/16 11:27:59 [trace] [system.CModule] Loading "db" application component
in F:\web\AppServ\www\travel\protected\hotel\components\AController.php (57)
in F:\web\AppServ\www\travel\protected\hotel\components\AController.php (51)
in F:\web\AppServ\www\travel\protected\hotel\controllers\error\Error404Action.php (4)
2012/06/16 11:27:59 [trace] [system.db.CDbConnection] Opening DB connection
in F:\web\AppServ\www\travel\protected\hotel\components\AController.php (57)
in F:\web\AppServ\www\travel\protected\hotel\components\AController.php (51)
in F:\web\AppServ\www\travel\protected\hotel\controllers\error\Error404Action.php (4)
2012/06/16 11:27:59 [trace] [system.db.CDbCommand] Executing SQL: DELETE FROM dbsession WHERE expire<1339817279
in F:\web\AppServ\www\travel\protected\hotel\components\AController.php (57)
in F:\web\AppServ\www\travel\protected\hotel\components\AController.php (51)
in F:\web\AppServ\www\travel\protected\hotel\controllers\error\Error404Action.php (4)
2012/06/16 11:27:59 [trace] [system.db.CDbCommand] Querying SQL: 
SELECT data FROM dbsession
WHERE expire>1339817279 AND id=:id

in F:\web\AppServ\www\travel\protected\hotel\components\AController.php (57)
in F:\web\AppServ\www\travel\protected\hotel\components\AController.php (51)
in F:\web\AppServ\www\travel\protected\hotel\controllers\error\Error404Action.php (4)
2012/06/16 11:27:59 [trace] [system.CModule] Loading "securityManager" application component
in F:\web\AppServ\www\travel\protected\hotel\components\AController.php (57)
in F:\web\AppServ\www\travel\protected\hotel\components\AController.php (51)
in F:\web\AppServ\www\travel\protected\hotel\controllers\error\Error404Action.php (4)
2012/06/16 11:27:59 [trace] [system.CModule] Loading "statePersister" application component
in F:\web\AppServ\www\travel\protected\hotel\components\AController.php (57)
in F:\web\AppServ\www\travel\protected\hotel\components\AController.php (51)
in F:\web\AppServ\www\travel\protected\hotel\controllers\error\Error404Action.php (4)
2012/06/16 11:27:59 [trace] [system.CModule] Loading "cache" application component
in F:\web\AppServ\www\travel\protected\hotel\components\AController.php (57)
in F:\web\AppServ\www\travel\protected\hotel\components\AController.php (51)
in F:\web\AppServ\www\travel\protected\hotel\controllers\error\Error404Action.php (4)
2012/06/16 11:27:59 [trace] [system.caching.CFileCache] Saving "Yii.CStatePersister.F:\web\AppServ\www\travel\protected\hotel\runtime\state.bin" to cache
in F:\web\AppServ\www\travel\protected\hotel\components\AController.php (57)
in F:\web\AppServ\www\travel\protected\hotel\components\AController.php (51)
in F:\web\AppServ\www\travel\protected\hotel\controllers\error\Error404Action.php (4)
2012/06/16 11:27:59 [trace] [system.caching.CFileCache] Serving "yii:dbschemamysql:host=localhost;dbname=travel:root:{{members}}" from cache
in F:\web\AppServ\www\travel\protected\models\User.php (36)
in F:\web\AppServ\www\travel\protected\hotel\components\AController.php (58)
in F:\web\AppServ\www\travel\protected\hotel\components\AController.php (51)
2012/06/16 11:27:59 [trace] [system.db.ar.CActiveRecord] User.findByPk()
in F:\web\AppServ\www\travel\protected\hotel\components\AController.php (59)
in F:\web\AppServ\www\travel\protected\hotel\components\AController.php (51)
in F:\web\AppServ\www\travel\protected\hotel\controllers\error\Error404Action.php (4)
2012/06/16 11:27:59 [trace] [system.caching.CFileCache] Serving "yii:dbschemamysql:host=localhost;dbname=travel:root:{{store}}" from cache
in F:\web\AppServ\www\travel\protected\hotel\components\AController.php (59)
in F:\web\AppServ\www\travel\protected\hotel\components\AController.php (51)
in F:\web\AppServ\www\travel\protected\hotel\controllers\error\Error404Action.php (4)
2012/06/16 11:27:59 [trace] [system.db.CDbCommand] Querying SQL: SELECT `t`.`id` AS `t0_c0`, `t`.`user_salt` AS `t0_c1`, `t`.`user_password` AS `t0_c2`, `t`.`user_login` AS `t0_c3`, `t`.`avater` AS `t0_c4`, `t`.`real_name` AS `t0_c5`, `t`.`genter` AS `t0_c6`, `t`.`credits` AS `t0_c7`, `t`.`conpon` AS `t0_c8`, `t`.`user_email` AS `t0_c9`, `t`.`birthday` AS `t0_c10`, `t`.`code` AS `t0_c11`, `t`.`cell_phone` AS `t0_c12`, `t`.`address` AS `t0_c13`, `t`.`permissions` AS `t0_c14`, `t`.`invite_code` AS `t0_c15`, `t`.`station_id` AS `t0_c16`, `t`.`admin_status` AS `t0_c17`, `t`.`create_id` AS `t0_c18`, `t`.`create_time` AS `t0_c19`, `Station`.`id` AS `t1_c0`, `Station`.`user_id` AS `t1_c1`, `Station`.`name` AS `t1_c2`, `Station`.`store_logo` AS `t1_c3`, `Station`.`store_banner` AS `t1_c4`, `Station`.`company` AS `t1_c5`, `Station`.`company_logo` AS `t1_c6`, `Station`.`contacter` AS `t1_c7`, `Station`.`contacter_email` AS `t1_c8`, `Station`.`contacter_phone` AS `t1_c9`, `Station`.`contacter_qq` AS `t1_c10`, `Station`.`contacter_msn` AS `t1_c11`, `Station`.`store_phone` AS `t1_c12`, `Station`.`store_fax` AS `t1_c13`, `Station`.`store_address` AS `t1_c14`, `Station`.`coordinate` AS `t1_c15`, `Station`.`store_area` AS `t1_c16`, `Station`.`store_area_name` AS `t1_c17`, `Station`.`store_describe` AS `t1_c18`, `Station`.`is_top` AS `t1_c19`, `Station`.`is_vip` AS `t1_c20`, `Station`.`status` AS `t1_c21`, `Station`.`create_time` AS `t1_c22` FROM `tr_members` `t`  LEFT OUTER JOIN `tr_store` `Station` ON (`t`.`station_id`=`Station`.`id`)  WHERE (`t`.`id` IS NULL)
in F:\web\AppServ\www\travel\protected\hotel\components\AController.php (59)
in F:\web\AppServ\www\travel\protected\hotel\components\AController.php (51)
in F:\web\AppServ\www\travel\protected\hotel\controllers\error\Error404Action.php (4)
2012/06/16 11:27:59 [trace] [system.CModule] Loading "themeManager" application component
in F:\web\AppServ\www\travel\protected\components\BaseAction.php (18)
in F:\web\AppServ\www\travel\protected\hotel\controllers\error\Error404Action.php (8)
in F:\web\AppServ\www\travel\protected\components\BaseAction.php (12)
2012/06/16 11:27:59 [trace] [system.CModule] Loading "clientScript" application component
in F:\web\AppServ\www\travel\themes\hotel\views\layouts\none.php (10)
in F:\web\AppServ\www\travel\protected\components\BaseAction.php (18)
in F:\web\AppServ\www\travel\protected\hotel\controllers\error\Error404Action.php (8)
2012/06/16 11:27:59 [trace] [system.CModule] Loading "assetManager" application component
in F:\web\AppServ\www\travel\protected\components\BaseAction.php (18)
in F:\web\AppServ\www\travel\protected\hotel\controllers\error\Error404Action.php (8)
in F:\web\AppServ\www\travel\protected\components\BaseAction.php (12)
2012/06/16 11:27:59 [trace] [system.CModule] Loading "log" application component
in F:\web\AppServ\www\travel\hotel.php (13)
2012/06/16 11:27:59 [trace] [system.CModule] Loading "request" application component
in F:\web\AppServ\www\travel\hotel.php (13)
2012/06/16 11:27:59 [trace] [system.CModule] Loading "urlManager" application component
in F:\web\AppServ\www\travel\hotel.php (13)
2012/06/16 11:27:59 [trace] [system.CModule] Loading "coreMessages" application component
in F:\web\AppServ\www\travel\hotel.php (13)
2012/06/16 11:27:59 [error] [exception.CHttpException.404] exception 'CHttpException' with message 'The system is unable to find the requested action "favicon.ico".' in F:\web\AppServ\www\yii\framework\web\CController.php:484
Stack trace:
#0 F:\web\AppServ\www\yii\framework\web\CController.php(271): CController->missingAction('favicon.ico')
#1 F:\web\AppServ\www\yii\framework\web\CWebApplication.php(276): CController->run('favicon.ico')
#2 F:\web\AppServ\www\yii\framework\web\CWebApplication.php(135): CWebApplication->runController('site/favicon.ic...')
#3 F:\web\AppServ\www\yii\framework\base\CApplication.php(162): CWebApplication->processRequest()
#4 F:\web\AppServ\www\travel\hotel.php(13): CApplication->run()
#5 {main}
REQUEST_URI=/hotel.php/site/favicon.ico
---
2012/06/16 11:27:59 [trace] [system.CModule] Loading "errorHandler" application component
2012/06/16 11:27:59 [trace] [system.web.filters.CFilterChain] Running filter ErrorController.filteraccessControl()
2012/06/16 11:27:59 [trace] [system.CModule] Loading "user" application component
in F:\web\AppServ\www\travel\protected\hotel\components\AController.php (57)
in F:\web\AppServ\www\travel\protected\hotel\components\AController.php (51)
in F:\web\AppServ\www\travel\protected\hotel\controllers\error\Error404Action.php (4)
2012/06/16 11:27:59 [trace] [system.CModule] Loading "session" application component
in F:\web\AppServ\www\travel\protected\hotel\components\AController.php (57)
in F:\web\AppServ\www\travel\protected\hotel\components\AController.php (51)
in F:\web\AppServ\www\travel\protected\hotel\controllers\error\Error404Action.php (4)
2012/06/16 11:27:59 [trace] [system.CModule] Loading "db" application component
in F:\web\AppServ\www\travel\protected\hotel\components\AController.php (57)
in F:\web\AppServ\www\travel\protected\hotel\components\AController.php (51)
in F:\web\AppServ\www\travel\protected\hotel\controllers\error\Error404Action.php (4)
2012/06/16 11:27:59 [trace] [system.db.CDbConnection] Opening DB connection
in F:\web\AppServ\www\travel\protected\hotel\components\AController.php (57)
in F:\web\AppServ\www\travel\protected\hotel\components\AController.php (51)
in F:\web\AppServ\www\travel\protected\hotel\controllers\error\Error404Action.php (4)
2012/06/16 11:27:59 [trace] [system.db.CDbCommand] Executing SQL: DELETE FROM dbsession WHERE expire<1339817279
in F:\web\AppServ\www\travel\protected\hotel\components\AController.php (57)
in F:\web\AppServ\www\travel\protected\hotel\components\AController.php (51)
in F:\web\AppServ\www\travel\protected\hotel\controllers\error\Error404Action.php (4)
2012/06/16 11:27:59 [trace] [system.db.CDbCommand] Querying SQL: 
SELECT data FROM dbsession
WHERE expire>1339817279 AND id=:id

in F:\web\AppServ\www\travel\protected\hotel\components\AController.php (57)
in F:\web\AppServ\www\travel\protected\hotel\components\AController.php (51)
in F:\web\AppServ\www\travel\protected\hotel\controllers\error\Error404Action.php (4)
2012/06/16 11:27:59 [trace] [system.CModule] Loading "securityManager" application component
in F:\web\AppServ\www\travel\protected\hotel\components\AController.php (57)
in F:\web\AppServ\www\travel\protected\hotel\components\AController.php (51)
in F:\web\AppServ\www\travel\protected\hotel\controllers\error\Error404Action.php (4)
2012/06/16 11:27:59 [trace] [system.CModule] Loading "statePersister" application component
in F:\web\AppServ\www\travel\protected\hotel\components\AController.php (57)
in F:\web\AppServ\www\travel\protected\hotel\components\AController.php (51)
in F:\web\AppServ\www\travel\protected\hotel\controllers\error\Error404Action.php (4)
2012/06/16 11:27:59 [trace] [system.CModule] Loading "cache" application component
in F:\web\AppServ\www\travel\protected\hotel\components\AController.php (57)
in F:\web\AppServ\www\travel\protected\hotel\components\AController.php (51)
in F:\web\AppServ\www\travel\protected\hotel\controllers\error\Error404Action.php (4)
2012/06/16 11:27:59 [trace] [system.caching.CFileCache] Serving "Yii.CStatePersister.F:\web\AppServ\www\travel\protected\hotel\runtime\state.bin" from cache
in F:\web\AppServ\www\travel\protected\hotel\components\AController.php (57)
in F:\web\AppServ\www\travel\protected\hotel\components\AController.php (51)
in F:\web\AppServ\www\travel\protected\hotel\controllers\error\Error404Action.php (4)
2012/06/16 11:27:59 [trace] [system.caching.CFileCache] Serving "yii:dbschemamysql:host=localhost;dbname=travel:root:{{members}}" from cache
in F:\web\AppServ\www\travel\protected\models\User.php (36)
in F:\web\AppServ\www\travel\protected\hotel\components\AController.php (58)
in F:\web\AppServ\www\travel\protected\hotel\components\AController.php (51)
2012/06/16 11:27:59 [trace] [system.db.ar.CActiveRecord] User.findByPk()
in F:\web\AppServ\www\travel\protected\hotel\components\AController.php (59)
in F:\web\AppServ\www\travel\protected\hotel\components\AController.php (51)
in F:\web\AppServ\www\travel\protected\hotel\controllers\error\Error404Action.php (4)
2012/06/16 11:27:59 [trace] [system.caching.CFileCache] Serving "yii:dbschemamysql:host=localhost;dbname=travel:root:{{store}}" from cache
in F:\web\AppServ\www\travel\protected\hotel\components\AController.php (59)
in F:\web\AppServ\www\travel\protected\hotel\components\AController.php (51)
in F:\web\AppServ\www\travel\protected\hotel\controllers\error\Error404Action.php (4)
2012/06/16 11:27:59 [trace] [system.db.CDbCommand] Querying SQL: SELECT `t`.`id` AS `t0_c0`, `t`.`user_salt` AS `t0_c1`, `t`.`user_password` AS `t0_c2`, `t`.`user_login` AS `t0_c3`, `t`.`avater` AS `t0_c4`, `t`.`real_name` AS `t0_c5`, `t`.`genter` AS `t0_c6`, `t`.`credits` AS `t0_c7`, `t`.`conpon` AS `t0_c8`, `t`.`user_email` AS `t0_c9`, `t`.`birthday` AS `t0_c10`, `t`.`code` AS `t0_c11`, `t`.`cell_phone` AS `t0_c12`, `t`.`address` AS `t0_c13`, `t`.`permissions` AS `t0_c14`, `t`.`invite_code` AS `t0_c15`, `t`.`station_id` AS `t0_c16`, `t`.`admin_status` AS `t0_c17`, `t`.`create_id` AS `t0_c18`, `t`.`create_time` AS `t0_c19`, `Station`.`id` AS `t1_c0`, `Station`.`user_id` AS `t1_c1`, `Station`.`name` AS `t1_c2`, `Station`.`store_logo` AS `t1_c3`, `Station`.`store_banner` AS `t1_c4`, `Station`.`company` AS `t1_c5`, `Station`.`company_logo` AS `t1_c6`, `Station`.`contacter` AS `t1_c7`, `Station`.`contacter_email` AS `t1_c8`, `Station`.`contacter_phone` AS `t1_c9`, `Station`.`contacter_qq` AS `t1_c10`, `Station`.`contacter_msn` AS `t1_c11`, `Station`.`store_phone` AS `t1_c12`, `Station`.`store_fax` AS `t1_c13`, `Station`.`store_address` AS `t1_c14`, `Station`.`coordinate` AS `t1_c15`, `Station`.`store_area` AS `t1_c16`, `Station`.`store_area_name` AS `t1_c17`, `Station`.`store_describe` AS `t1_c18`, `Station`.`is_top` AS `t1_c19`, `Station`.`is_vip` AS `t1_c20`, `Station`.`status` AS `t1_c21`, `Station`.`create_time` AS `t1_c22` FROM `tr_members` `t`  LEFT OUTER JOIN `tr_store` `Station` ON (`t`.`station_id`=`Station`.`id`)  WHERE (`t`.`id` IS NULL)
in F:\web\AppServ\www\travel\protected\hotel\components\AController.php (59)
in F:\web\AppServ\www\travel\protected\hotel\components\AController.php (51)
in F:\web\AppServ\www\travel\protected\hotel\controllers\error\Error404Action.php (4)
2012/06/16 11:27:59 [trace] [system.CModule] Loading "themeManager" application component
in F:\web\AppServ\www\travel\protected\components\BaseAction.php (18)
in F:\web\AppServ\www\travel\protected\hotel\controllers\error\Error404Action.php (8)
in F:\web\AppServ\www\travel\protected\components\BaseAction.php (12)
2012/06/16 11:27:59 [trace] [system.CModule] Loading "clientScript" application component
in F:\web\AppServ\www\travel\themes\hotel\views\layouts\none.php (10)
in F:\web\AppServ\www\travel\protected\components\BaseAction.php (18)
in F:\web\AppServ\www\travel\protected\hotel\controllers\error\Error404Action.php (8)
2012/06/16 11:27:59 [trace] [system.CModule] Loading "assetManager" application component
in F:\web\AppServ\www\travel\protected\components\BaseAction.php (18)
in F:\web\AppServ\www\travel\protected\hotel\controllers\error\Error404Action.php (8)
in F:\web\AppServ\www\travel\protected\components\BaseAction.php (12)
2012/06/16 11:27:59 [trace] [system.CModule] Loading "log" application component
in F:\web\AppServ\www\travel\hotel.php (13)
2012/06/16 11:27:59 [trace] [system.CModule] Loading "request" application component
in F:\web\AppServ\www\travel\hotel.php (13)
2012/06/16 11:27:59 [trace] [system.CModule] Loading "urlManager" application component
in F:\web\AppServ\www\travel\hotel.php (13)
2012/06/16 11:27:59 [trace] [system.CModule] Loading "coreMessages" application component
in F:\web\AppServ\www\travel\hotel.php (13)
2012/06/16 11:27:59 [error] [exception.CHttpException.404] exception 'CHttpException' with message 'The system is unable to find the requested action "favicon.ico".' in F:\web\AppServ\www\yii\framework\web\CController.php:484
Stack trace:
#0 F:\web\AppServ\www\yii\framework\web\CController.php(271): CController->missingAction('favicon.ico')
#1 F:\web\AppServ\www\yii\framework\web\CWebApplication.php(276): CController->run('favicon.ico')
#2 F:\web\AppServ\www\yii\framework\web\CWebApplication.php(135): CWebApplication->runController('site/favicon.ic...')
#3 F:\web\AppServ\www\yii\framework\base\CApplication.php(162): CWebApplication->processRequest()
#4 F:\web\AppServ\www\travel\hotel.php(13): CApplication->run()
#5 {main}
REQUEST_URI=/hotel.php/site/favicon.ico
---
2012/06/16 11:27:59 [trace] [system.CModule] Loading "errorHandler" application component
2012/06/16 11:27:59 [trace] [system.web.filters.CFilterChain] Running filter ErrorController.filteraccessControl()
2012/06/16 11:27:59 [trace] [system.CModule] Loading "user" application component
in F:\web\AppServ\www\travel\protected\hotel\components\AController.php (57)
in F:\web\AppServ\www\travel\protected\hotel\components\AController.php (51)
in F:\web\AppServ\www\travel\protected\hotel\controllers\error\Error404Action.php (4)
2012/06/16 11:27:59 [trace] [system.CModule] Loading "session" application component
in F:\web\AppServ\www\travel\protected\hotel\components\AController.php (57)
in F:\web\AppServ\www\travel\protected\hotel\components\AController.php (51)
in F:\web\AppServ\www\travel\protected\hotel\controllers\error\Error404Action.php (4)
2012/06/16 11:27:59 [trace] [system.CModule] Loading "db" application component
in F:\web\AppServ\www\travel\protected\hotel\components\AController.php (57)
in F:\web\AppServ\www\travel\protected\hotel\components\AController.php (51)
in F:\web\AppServ\www\travel\protected\hotel\controllers\error\Error404Action.php (4)
2012/06/16 11:27:59 [trace] [system.db.CDbConnection] Opening DB connection
in F:\web\AppServ\www\travel\protected\hotel\components\AController.php (57)
in F:\web\AppServ\www\travel\protected\hotel\components\AController.php (51)
in F:\web\AppServ\www\travel\protected\hotel\controllers\error\Error404Action.php (4)
2012/06/16 11:27:59 [trace] [system.db.CDbCommand] Executing SQL: DELETE FROM dbsession WHERE expire<1339817279
in F:\web\AppServ\www\travel\protected\hotel\components\AController.php (57)
in F:\web\AppServ\www\travel\protected\hotel\components\AController.php (51)
in F:\web\AppServ\www\travel\protected\hotel\controllers\error\Error404Action.php (4)
2012/06/16 11:27:59 [trace] [system.db.CDbCommand] Querying SQL: 
SELECT data FROM dbsession
WHERE expire>1339817279 AND id=:id

in F:\web\AppServ\www\travel\protected\hotel\components\AController.php (57)
in F:\web\AppServ\www\travel\protected\hotel\components\AController.php (51)
in F:\web\AppServ\www\travel\protected\hotel\controllers\error\Error404Action.php (4)
2012/06/16 11:27:59 [trace] [system.CModule] Loading "securityManager" application component
in F:\web\AppServ\www\travel\protected\hotel\components\AController.php (57)
in F:\web\AppServ\www\travel\protected\hotel\components\AController.php (51)
in F:\web\AppServ\www\travel\protected\hotel\controllers\error\Error404Action.php (4)
2012/06/16 11:27:59 [trace] [system.CModule] Loading "statePersister" application component
in F:\web\AppServ\www\travel\protected\hotel\components\AController.php (57)
in F:\web\AppServ\www\travel\protected\hotel\components\AController.php (51)
in F:\web\AppServ\www\travel\protected\hotel\controllers\error\Error404Action.php (4)
2012/06/16 11:27:59 [trace] [system.CModule] Loading "cache" application component
in F:\web\AppServ\www\travel\protected\hotel\components\AController.php (57)
in F:\web\AppServ\www\travel\protected\hotel\components\AController.php (51)
in F:\web\AppServ\www\travel\protected\hotel\controllers\error\Error404Action.php (4)
2012/06/16 11:27:59 [trace] [system.caching.CFileCache] Serving "Yii.CStatePersister.F:\web\AppServ\www\travel\protected\hotel\runtime\state.bin" from cache
in F:\web\AppServ\www\travel\protected\hotel\components\AController.php (57)
in F:\web\AppServ\www\travel\protected\hotel\components\AController.php (51)
in F:\web\AppServ\www\travel\protected\hotel\controllers\error\Error404Action.php (4)
2012/06/16 11:27:59 [trace] [system.caching.CFileCache] Serving "yii:dbschemamysql:host=localhost;dbname=travel:root:{{members}}" from cache
in F:\web\AppServ\www\travel\protected\models\User.php (36)
in F:\web\AppServ\www\travel\protected\hotel\components\AController.php (58)
in F:\web\AppServ\www\travel\protected\hotel\components\AController.php (51)
2012/06/16 11:27:59 [trace] [system.db.ar.CActiveRecord] User.findByPk()
in F:\web\AppServ\www\travel\protected\hotel\components\AController.php (59)
in F:\web\AppServ\www\travel\protected\hotel\components\AController.php (51)
in F:\web\AppServ\www\travel\protected\hotel\controllers\error\Error404Action.php (4)
2012/06/16 11:27:59 [trace] [system.caching.CFileCache] Serving "yii:dbschemamysql:host=localhost;dbname=travel:root:{{store}}" from cache
in F:\web\AppServ\www\travel\protected\hotel\components\AController.php (59)
in F:\web\AppServ\www\travel\protected\hotel\components\AController.php (51)
in F:\web\AppServ\www\travel\protected\hotel\controllers\error\Error404Action.php (4)
2012/06/16 11:27:59 [trace] [system.db.CDbCommand] Querying SQL: SELECT `t`.`id` AS `t0_c0`, `t`.`user_salt` AS `t0_c1`, `t`.`user_password` AS `t0_c2`, `t`.`user_login` AS `t0_c3`, `t`.`avater` AS `t0_c4`, `t`.`real_name` AS `t0_c5`, `t`.`genter` AS `t0_c6`, `t`.`credits` AS `t0_c7`, `t`.`conpon` AS `t0_c8`, `t`.`user_email` AS `t0_c9`, `t`.`birthday` AS `t0_c10`, `t`.`code` AS `t0_c11`, `t`.`cell_phone` AS `t0_c12`, `t`.`address` AS `t0_c13`, `t`.`permissions` AS `t0_c14`, `t`.`invite_code` AS `t0_c15`, `t`.`station_id` AS `t0_c16`, `t`.`admin_status` AS `t0_c17`, `t`.`create_id` AS `t0_c18`, `t`.`create_time` AS `t0_c19`, `Station`.`id` AS `t1_c0`, `Station`.`user_id` AS `t1_c1`, `Station`.`name` AS `t1_c2`, `Station`.`store_logo` AS `t1_c3`, `Station`.`store_banner` AS `t1_c4`, `Station`.`company` AS `t1_c5`, `Station`.`company_logo` AS `t1_c6`, `Station`.`contacter` AS `t1_c7`, `Station`.`contacter_email` AS `t1_c8`, `Station`.`contacter_phone` AS `t1_c9`, `Station`.`contacter_qq` AS `t1_c10`, `Station`.`contacter_msn` AS `t1_c11`, `Station`.`store_phone` AS `t1_c12`, `Station`.`store_fax` AS `t1_c13`, `Station`.`store_address` AS `t1_c14`, `Station`.`coordinate` AS `t1_c15`, `Station`.`store_area` AS `t1_c16`, `Station`.`store_area_name` AS `t1_c17`, `Station`.`store_describe` AS `t1_c18`, `Station`.`is_top` AS `t1_c19`, `Station`.`is_vip` AS `t1_c20`, `Station`.`status` AS `t1_c21`, `Station`.`create_time` AS `t1_c22` FROM `tr_members` `t`  LEFT OUTER JOIN `tr_store` `Station` ON (`t`.`station_id`=`Station`.`id`)  WHERE (`t`.`id` IS NULL)
in F:\web\AppServ\www\travel\protected\hotel\components\AController.php (59)
in F:\web\AppServ\www\travel\protected\hotel\components\AController.php (51)
in F:\web\AppServ\www\travel\protected\hotel\controllers\error\Error404Action.php (4)
2012/06/16 11:27:59 [trace] [system.CModule] Loading "themeManager" application component
in F:\web\AppServ\www\travel\protected\components\BaseAction.php (18)
in F:\web\AppServ\www\travel\protected\hotel\controllers\error\Error404Action.php (8)
in F:\web\AppServ\www\travel\protected\components\BaseAction.php (12)
2012/06/16 11:27:59 [trace] [system.CModule] Loading "clientScript" application component
in F:\web\AppServ\www\travel\themes\hotel\views\layouts\none.php (10)
in F:\web\AppServ\www\travel\protected\components\BaseAction.php (18)
in F:\web\AppServ\www\travel\protected\hotel\controllers\error\Error404Action.php (8)
2012/06/16 11:27:59 [trace] [system.CModule] Loading "assetManager" application component
in F:\web\AppServ\www\travel\protected\components\BaseAction.php (18)
in F:\web\AppServ\www\travel\protected\hotel\controllers\error\Error404Action.php (8)
in F:\web\AppServ\www\travel\protected\components\BaseAction.php (12)
2012/10/31 16:34:10 [trace] [system.CModule] Loading "log" application component
in F:\web\AppServ\www\travel\hotel.php (13)
2012/10/31 16:34:10 [trace] [system.CModule] Loading "request" application component
in F:\web\AppServ\www\travel\hotel.php (13)
2012/10/31 16:34:10 [trace] [system.CModule] Loading "urlManager" application component
in F:\web\AppServ\www\travel\hotel.php (13)
2012/10/31 16:34:11 [trace] [system.CModule] Loading "user" application component
in F:\web\AppServ\www\travel\protected\hotel\components\AController.php (61)
in F:\web\AppServ\www\travel\protected\hotel\components\AController.php (50)
in F:\web\AppServ\www\travel\protected\hotel\controllers\site\IndexAction.php (4)
2012/10/31 16:34:11 [trace] [system.CModule] Loading "session" application component
in F:\web\AppServ\www\travel\protected\hotel\components\AController.php (61)
in F:\web\AppServ\www\travel\protected\hotel\components\AController.php (50)
in F:\web\AppServ\www\travel\protected\hotel\controllers\site\IndexAction.php (4)
2012/10/31 16:34:11 [trace] [system.CModule] Loading "db" application component
in F:\web\AppServ\www\travel\protected\hotel\components\AController.php (61)
in F:\web\AppServ\www\travel\protected\hotel\components\AController.php (50)
in F:\web\AppServ\www\travel\protected\hotel\controllers\site\IndexAction.php (4)
2012/10/31 16:34:11 [trace] [system.db.CDbConnection] Opening DB connection
in F:\web\AppServ\www\travel\protected\hotel\components\AController.php (61)
in F:\web\AppServ\www\travel\protected\hotel\components\AController.php (50)
in F:\web\AppServ\www\travel\protected\hotel\controllers\site\IndexAction.php (4)
2012/10/31 16:34:11 [trace] [system.db.CDbCommand] Executing SQL: DELETE FROM dbsession WHERE expire<1351672451
in F:\web\AppServ\www\travel\protected\hotel\components\AController.php (61)
in F:\web\AppServ\www\travel\protected\hotel\components\AController.php (50)
in F:\web\AppServ\www\travel\protected\hotel\controllers\site\IndexAction.php (4)
2012/10/31 16:34:11 [trace] [system.db.CDbCommand] Querying SQL: 
SELECT data FROM dbsession
WHERE expire>1351672451 AND id=:id

in F:\web\AppServ\www\travel\protected\hotel\components\AController.php (61)
in F:\web\AppServ\www\travel\protected\hotel\components\AController.php (50)
in F:\web\AppServ\www\travel\protected\hotel\controllers\site\IndexAction.php (4)
2012/10/31 16:34:11 [trace] [system.CModule] Loading "securityManager" application component
in F:\web\AppServ\www\travel\protected\hotel\components\AController.php (61)
in F:\web\AppServ\www\travel\protected\hotel\components\AController.php (50)
in F:\web\AppServ\www\travel\protected\hotel\controllers\site\IndexAction.php (4)
2012/10/31 16:34:11 [trace] [system.CModule] Loading "statePersister" application component
in F:\web\AppServ\www\travel\protected\hotel\components\AController.php (61)
in F:\web\AppServ\www\travel\protected\hotel\components\AController.php (50)
in F:\web\AppServ\www\travel\protected\hotel\controllers\site\IndexAction.php (4)
2012/10/31 16:34:11 [trace] [system.CModule] Loading "cache" application component
in F:\web\AppServ\www\travel\protected\hotel\components\AController.php (61)
in F:\web\AppServ\www\travel\protected\hotel\components\AController.php (50)
in F:\web\AppServ\www\travel\protected\hotel\controllers\site\IndexAction.php (4)
2012/10/31 16:34:11 [trace] [system.caching.CFileCache] Saving "Yii.CStatePersister.F:\web\AppServ\www\travel\protected\hotel\runtime\state.bin" to cache
in F:\web\AppServ\www\travel\protected\hotel\components\AController.php (61)
in F:\web\AppServ\www\travel\protected\hotel\components\AController.php (50)
in F:\web\AppServ\www\travel\protected\hotel\controllers\site\IndexAction.php (4)
2012/10/31 16:34:11 [trace] [system.db.CDbCommand] Querying SQL: SHOW COLUMNS FROM `tr_members`
in F:\web\AppServ\www\travel\protected\models\User.php (36)
in F:\web\AppServ\www\travel\protected\hotel\components\AController.php (62)
in F:\web\AppServ\www\travel\protected\hotel\components\AController.php (50)
2012/10/31 16:34:11 [trace] [system.db.CDbCommand] Querying SQL: SHOW CREATE TABLE `tr_members`
in F:\web\AppServ\www\travel\protected\models\User.php (36)
in F:\web\AppServ\www\travel\protected\hotel\components\AController.php (62)
in F:\web\AppServ\www\travel\protected\hotel\components\AController.php (50)
2012/10/31 16:34:11 [trace] [system.caching.CFileCache] Saving "yii:dbschemamysql:host=localhost;dbname=travel:root:{{members}}" to cache
in F:\web\AppServ\www\travel\protected\models\User.php (36)
in F:\web\AppServ\www\travel\protected\hotel\components\AController.php (62)
in F:\web\AppServ\www\travel\protected\hotel\components\AController.php (50)
2012/10/31 16:34:11 [trace] [system.db.ar.CActiveRecord] User.findByPk()
in F:\web\AppServ\www\travel\protected\hotel\components\AController.php (63)
in F:\web\AppServ\www\travel\protected\hotel\components\AController.php (50)
in F:\web\AppServ\www\travel\protected\hotel\controllers\site\IndexAction.php (4)
2012/10/31 16:34:11 [trace] [system.db.CDbCommand] Querying SQL: SHOW COLUMNS FROM `tr_store`
in F:\web\AppServ\www\travel\protected\hotel\components\AController.php (63)
in F:\web\AppServ\www\travel\protected\hotel\components\AController.php (50)
in F:\web\AppServ\www\travel\protected\hotel\controllers\site\IndexAction.php (4)
2012/10/31 16:34:12 [trace] [system.db.CDbCommand] Querying SQL: SHOW CREATE TABLE `tr_store`
in F:\web\AppServ\www\travel\protected\hotel\components\AController.php (63)
in F:\web\AppServ\www\travel\protected\hotel\components\AController.php (50)
in F:\web\AppServ\www\travel\protected\hotel\controllers\site\IndexAction.php (4)
2012/10/31 16:34:12 [trace] [system.caching.CFileCache] Saving "yii:dbschemamysql:host=localhost;dbname=travel:root:{{store}}" to cache
in F:\web\AppServ\www\travel\protected\hotel\components\AController.php (63)
in F:\web\AppServ\www\travel\protected\hotel\components\AController.php (50)
in F:\web\AppServ\www\travel\protected\hotel\controllers\site\IndexAction.php (4)
2012/10/31 16:34:12 [trace] [system.db.CDbCommand] Querying SQL: SELECT `t`.`id` AS `t0_c0`, `t`.`user_salt` AS `t0_c1`, `t`.`user_password` AS `t0_c2`, `t`.`user_login` AS `t0_c3`, `t`.`avater` AS `t0_c4`, `t`.`real_name` AS `t0_c5`, `t`.`genter` AS `t0_c6`, `t`.`credits` AS `t0_c7`, `t`.`conpon` AS `t0_c8`, `t`.`user_email` AS `t0_c9`, `t`.`birthday` AS `t0_c10`, `t`.`code` AS `t0_c11`, `t`.`cell_phone` AS `t0_c12`, `t`.`address` AS `t0_c13`, `t`.`permissions` AS `t0_c14`, `t`.`invite_code` AS `t0_c15`, `t`.`station_id` AS `t0_c16`, `t`.`admin_status` AS `t0_c17`, `t`.`create_id` AS `t0_c18`, `t`.`create_time` AS `t0_c19`, `Station`.`id` AS `t1_c0`, `Station`.`user_id` AS `t1_c1`, `Station`.`name` AS `t1_c2`, `Station`.`store_logo` AS `t1_c3`, `Station`.`store_banner` AS `t1_c4`, `Station`.`company` AS `t1_c5`, `Station`.`company_logo` AS `t1_c6`, `Station`.`contacter` AS `t1_c7`, `Station`.`contacter_email` AS `t1_c8`, `Station`.`contacter_phone` AS `t1_c9`, `Station`.`contacter_qq` AS `t1_c10`, `Station`.`contacter_msn` AS `t1_c11`, `Station`.`store_phone` AS `t1_c12`, `Station`.`store_fax` AS `t1_c13`, `Station`.`store_address` AS `t1_c14`, `Station`.`coordinate` AS `t1_c15`, `Station`.`store_area` AS `t1_c16`, `Station`.`store_area_name` AS `t1_c17`, `Station`.`store_describe` AS `t1_c18`, `Station`.`is_top` AS `t1_c19`, `Station`.`is_vip` AS `t1_c20`, `Station`.`pay_status` AS `t1_c21`, `Station`.`status` AS `t1_c22`, `Station`.`create_time` AS `t1_c23` FROM `tr_members` `t`  LEFT OUTER JOIN `tr_store` `Station` ON (`t`.`station_id`=`Station`.`id`)  WHERE (`t`.`id` IS NULL)
in F:\web\AppServ\www\travel\protected\hotel\components\AController.php (63)
in F:\web\AppServ\www\travel\protected\hotel\components\AController.php (50)
in F:\web\AppServ\www\travel\protected\hotel\controllers\site\IndexAction.php (4)
2012/10/31 16:36:28 [trace] [system.CModule] Loading "log" application component
in F:\web\AppServ\www\travel\hotel.php (13)
2012/10/31 16:36:28 [trace] [system.CModule] Loading "request" application component
in F:\web\AppServ\www\travel\hotel.php (13)
2012/10/31 16:36:28 [trace] [system.CModule] Loading "urlManager" application component
in F:\web\AppServ\www\travel\hotel.php (13)
2012/10/31 16:36:28 [trace] [system.CModule] Loading "db" application component
in F:\web\AppServ\www\travel\protected\hotel\controllers\site\LoginAction.php (14)
in F:\web\AppServ\www\travel\protected\components\BaseAction.php (12)
in F:\web\AppServ\www\travel\hotel.php (13)
2012/10/31 16:36:28 [trace] [system.db.CDbConnection] Opening DB connection
in F:\web\AppServ\www\travel\protected\hotel\controllers\site\LoginAction.php (14)
in F:\web\AppServ\www\travel\protected\components\BaseAction.php (12)
in F:\web\AppServ\www\travel\hotel.php (13)
2012/10/31 16:36:28 [trace] [system.CModule] Loading "cache" application component
in F:\web\AppServ\www\travel\protected\hotel\controllers\site\LoginAction.php (14)
in F:\web\AppServ\www\travel\protected\components\BaseAction.php (12)
in F:\web\AppServ\www\travel\hotel.php (13)
2012/10/31 16:36:28 [trace] [system.caching.CFileCache] Serving "yii:dbschemamysql:host=localhost;dbname=travel:root:{{members}}" from cache
in F:\web\AppServ\www\travel\protected\hotel\controllers\site\LoginAction.php (14)
in F:\web\AppServ\www\travel\protected\components\BaseAction.php (12)
in F:\web\AppServ\www\travel\hotel.php (13)
2012/10/31 16:36:28 [trace] [system.CModule] Loading "themeManager" application component
in F:\web\AppServ\www\travel\protected\components\BaseAction.php (18)
in F:\web\AppServ\www\travel\protected\hotel\controllers\site\LoginAction.php (26)
in F:\web\AppServ\www\travel\protected\components\BaseAction.php (12)
2012/10/31 16:36:28 [trace] [system.CModule] Loading "widgetFactory" application component
in F:\web\AppServ\www\travel\themes\hotel\views\site\login.php (8)
in F:\web\AppServ\www\travel\protected\components\BaseAction.php (18)
in F:\web\AppServ\www\travel\protected\hotel\controllers\site\LoginAction.php (26)
2012/10/31 16:36:28 [trace] [system.CModule] Loading "clientScript" application component
in F:\web\AppServ\www\travel\protected\components\widgets\hotel\views\admin_login.php (49)
in F:\web\AppServ\www\travel\protected\components\widgets\hotel\AdminLogin.php (18)
in F:\web\AppServ\www\travel\themes\hotel\views\site\login.php (8)
2012/10/31 16:36:29 [trace] [system.CModule] Loading "assetManager" application component
in F:\web\AppServ\www\travel\protected\components\BaseAction.php (18)
in F:\web\AppServ\www\travel\protected\hotel\controllers\site\LoginAction.php (26)
in F:\web\AppServ\www\travel\protected\components\BaseAction.php (12)
2012/10/31 16:36:31 [trace] [system.CModule] Loading "log" application component
in F:\web\AppServ\www\travel\hotel.php (13)
2012/10/31 16:36:31 [trace] [system.CModule] Loading "request" application component
in F:\web\AppServ\www\travel\hotel.php (13)
2012/10/31 16:36:31 [trace] [system.CModule] Loading "urlManager" application component
in F:\web\AppServ\www\travel\hotel.php (13)
2012/10/31 16:36:32 [trace] [system.CModule] Loading "db" application component
in F:\web\AppServ\www\travel\protected\hotel\controllers\site\LoginAction.php (14)
in F:\web\AppServ\www\travel\protected\components\BaseAction.php (12)
in F:\web\AppServ\www\travel\hotel.php (13)
2012/10/31 16:36:32 [trace] [system.db.CDbConnection] Opening DB connection
in F:\web\AppServ\www\travel\protected\hotel\controllers\site\LoginAction.php (14)
in F:\web\AppServ\www\travel\protected\components\BaseAction.php (12)
in F:\web\AppServ\www\travel\hotel.php (13)
2012/10/31 16:36:32 [trace] [system.CModule] Loading "cache" application component
in F:\web\AppServ\www\travel\protected\hotel\controllers\site\LoginAction.php (14)
in F:\web\AppServ\www\travel\protected\components\BaseAction.php (12)
in F:\web\AppServ\www\travel\hotel.php (13)
2012/10/31 16:36:32 [trace] [system.caching.CFileCache] Serving "yii:dbschemamysql:host=localhost;dbname=travel:root:{{members}}" from cache
in F:\web\AppServ\www\travel\protected\hotel\controllers\site\LoginAction.php (14)
in F:\web\AppServ\www\travel\protected\components\BaseAction.php (12)
in F:\web\AppServ\www\travel\hotel.php (13)
2012/10/31 16:36:32 [trace] [system.CModule] Loading "themeManager" application component
in F:\web\AppServ\www\travel\protected\components\BaseAction.php (18)
in F:\web\AppServ\www\travel\protected\hotel\controllers\site\LoginAction.php (26)
in F:\web\AppServ\www\travel\protected\components\BaseAction.php (12)
2012/10/31 16:36:32 [trace] [system.CModule] Loading "widgetFactory" application component
in F:\web\AppServ\www\travel\themes\hotel\views\site\login.php (8)
in F:\web\AppServ\www\travel\protected\components\BaseAction.php (18)
in F:\web\AppServ\www\travel\protected\hotel\controllers\site\LoginAction.php (26)
2012/10/31 16:36:32 [trace] [system.CModule] Loading "clientScript" application component
in F:\web\AppServ\www\travel\protected\components\widgets\hotel\views\admin_login.php (49)
in F:\web\AppServ\www\travel\protected\components\widgets\hotel\AdminLogin.php (18)
in F:\web\AppServ\www\travel\themes\hotel\views\site\login.php (8)
2012/10/31 16:36:32 [trace] [system.CModule] Loading "assetManager" application component
in F:\web\AppServ\www\travel\protected\components\BaseAction.php (18)
in F:\web\AppServ\www\travel\protected\hotel\controllers\site\LoginAction.php (26)
in F:\web\AppServ\www\travel\protected\components\BaseAction.php (12)
2012/10/31 16:36:32 [trace] [system.CModule] Loading "log" application component
in F:\web\AppServ\www\travel\hotel.php (13)
2012/10/31 16:36:32 [trace] [system.CModule] Loading "request" application component
in F:\web\AppServ\www\travel\hotel.php (13)
2012/10/31 16:36:32 [trace] [system.CModule] Loading "urlManager" application component
in F:\web\AppServ\www\travel\hotel.php (13)
2012/10/31 16:36:32 [trace] [system.CModule] Loading "db" application component
in F:\web\AppServ\www\travel\protected\hotel\controllers\site\LoginAction.php (14)
in F:\web\AppServ\www\travel\protected\components\BaseAction.php (12)
in F:\web\AppServ\www\travel\hotel.php (13)
2012/10/31 16:36:32 [trace] [system.db.CDbConnection] Opening DB connection
in F:\web\AppServ\www\travel\protected\hotel\controllers\site\LoginAction.php (14)
in F:\web\AppServ\www\travel\protected\components\BaseAction.php (12)
in F:\web\AppServ\www\travel\hotel.php (13)
2012/10/31 16:36:32 [trace] [system.CModule] Loading "cache" application component
in F:\web\AppServ\www\travel\protected\hotel\controllers\site\LoginAction.php (14)
in F:\web\AppServ\www\travel\protected\components\BaseAction.php (12)
in F:\web\AppServ\www\travel\hotel.php (13)
2012/10/31 16:36:32 [trace] [system.caching.CFileCache] Serving "yii:dbschemamysql:host=localhost;dbname=travel:root:{{members}}" from cache
in F:\web\AppServ\www\travel\protected\hotel\controllers\site\LoginAction.php (14)
in F:\web\AppServ\www\travel\protected\components\BaseAction.php (12)
in F:\web\AppServ\www\travel\hotel.php (13)
2012/10/31 16:36:32 [trace] [system.CModule] Loading "themeManager" application component
in F:\web\AppServ\www\travel\protected\components\BaseAction.php (18)
in F:\web\AppServ\www\travel\protected\hotel\controllers\site\LoginAction.php (26)
in F:\web\AppServ\www\travel\protected\components\BaseAction.php (12)
2012/10/31 16:36:32 [trace] [system.CModule] Loading "widgetFactory" application component
in F:\web\AppServ\www\travel\themes\hotel\views\site\login.php (8)
in F:\web\AppServ\www\travel\protected\components\BaseAction.php (18)
in F:\web\AppServ\www\travel\protected\hotel\controllers\site\LoginAction.php (26)
2012/10/31 16:36:32 [trace] [system.CModule] Loading "clientScript" application component
in F:\web\AppServ\www\travel\protected\components\widgets\hotel\views\admin_login.php (49)
in F:\web\AppServ\www\travel\protected\components\widgets\hotel\AdminLogin.php (18)
in F:\web\AppServ\www\travel\themes\hotel\views\site\login.php (8)
2012/10/31 16:36:33 [trace] [system.CModule] Loading "assetManager" application component
in F:\web\AppServ\www\travel\protected\components\BaseAction.php (18)
in F:\web\AppServ\www\travel\protected\hotel\controllers\site\LoginAction.php (26)
in F:\web\AppServ\www\travel\protected\components\BaseAction.php (12)
2012/10/31 16:36:32 [trace] [system.CModule] Loading "log" application component
in F:\web\AppServ\www\travel\hotel.php (13)
2012/10/31 16:36:32 [trace] [system.CModule] Loading "request" application component
in F:\web\AppServ\www\travel\hotel.php (13)
2012/10/31 16:36:32 [trace] [system.CModule] Loading "urlManager" application component
in F:\web\AppServ\www\travel\hotel.php (13)
2012/10/31 16:36:33 [trace] [system.CModule] Loading "db" application component
in F:\web\AppServ\www\travel\protected\hotel\controllers\site\LoginAction.php (14)
in F:\web\AppServ\www\travel\protected\components\BaseAction.php (12)
in F:\web\AppServ\www\travel\hotel.php (13)
2012/10/31 16:36:33 [trace] [system.db.CDbConnection] Opening DB connection
in F:\web\AppServ\www\travel\protected\hotel\controllers\site\LoginAction.php (14)
in F:\web\AppServ\www\travel\protected\components\BaseAction.php (12)
in F:\web\AppServ\www\travel\hotel.php (13)
2012/10/31 16:36:33 [trace] [system.CModule] Loading "cache" application component
in F:\web\AppServ\www\travel\protected\hotel\controllers\site\LoginAction.php (14)
in F:\web\AppServ\www\travel\protected\components\BaseAction.php (12)
in F:\web\AppServ\www\travel\hotel.php (13)
2012/10/31 16:36:33 [trace] [system.caching.CFileCache] Serving "yii:dbschemamysql:host=localhost;dbname=travel:root:{{members}}" from cache
in F:\web\AppServ\www\travel\protected\hotel\controllers\site\LoginAction.php (14)
in F:\web\AppServ\www\travel\protected\components\BaseAction.php (12)
in F:\web\AppServ\www\travel\hotel.php (13)
2012/10/31 16:36:33 [trace] [system.CModule] Loading "themeManager" application component
in F:\web\AppServ\www\travel\protected\components\BaseAction.php (18)
in F:\web\AppServ\www\travel\protected\hotel\controllers\site\LoginAction.php (26)
in F:\web\AppServ\www\travel\protected\components\BaseAction.php (12)
2012/10/31 16:36:33 [trace] [system.CModule] Loading "widgetFactory" application component
in F:\web\AppServ\www\travel\themes\hotel\views\site\login.php (8)
in F:\web\AppServ\www\travel\protected\components\BaseAction.php (18)
in F:\web\AppServ\www\travel\protected\hotel\controllers\site\LoginAction.php (26)
2012/10/31 16:36:33 [trace] [system.CModule] Loading "clientScript" application component
in F:\web\AppServ\www\travel\protected\components\widgets\hotel\views\admin_login.php (49)
in F:\web\AppServ\www\travel\protected\components\widgets\hotel\AdminLogin.php (18)
in F:\web\AppServ\www\travel\themes\hotel\views\site\login.php (8)
2012/10/31 16:36:33 [trace] [system.CModule] Loading "assetManager" application component
in F:\web\AppServ\www\travel\protected\components\BaseAction.php (18)
in F:\web\AppServ\www\travel\protected\hotel\controllers\site\LoginAction.php (26)
in F:\web\AppServ\www\travel\protected\components\BaseAction.php (12)
2012/10/31 16:36:33 [trace] [system.CModule] Loading "log" application component
in F:\web\AppServ\www\travel\hotel.php (13)
2012/10/31 16:36:33 [trace] [system.CModule] Loading "request" application component
in F:\web\AppServ\www\travel\hotel.php (13)
2012/10/31 16:36:33 [trace] [system.CModule] Loading "urlManager" application component
in F:\web\AppServ\www\travel\hotel.php (13)
2012/10/31 16:36:33 [trace] [system.CModule] Loading "db" application component
in F:\web\AppServ\www\travel\protected\hotel\controllers\site\LoginAction.php (14)
in F:\web\AppServ\www\travel\protected\components\BaseAction.php (12)
in F:\web\AppServ\www\travel\hotel.php (13)
2012/10/31 16:36:33 [trace] [system.db.CDbConnection] Opening DB connection
in F:\web\AppServ\www\travel\protected\hotel\controllers\site\LoginAction.php (14)
in F:\web\AppServ\www\travel\protected\components\BaseAction.php (12)
in F:\web\AppServ\www\travel\hotel.php (13)
2012/10/31 16:36:33 [trace] [system.CModule] Loading "cache" application component
in F:\web\AppServ\www\travel\protected\hotel\controllers\site\LoginAction.php (14)
in F:\web\AppServ\www\travel\protected\components\BaseAction.php (12)
in F:\web\AppServ\www\travel\hotel.php (13)
2012/10/31 16:36:33 [trace] [system.caching.CFileCache] Serving "yii:dbschemamysql:host=localhost;dbname=travel:root:{{members}}" from cache
in F:\web\AppServ\www\travel\protected\hotel\controllers\site\LoginAction.php (14)
in F:\web\AppServ\www\travel\protected\components\BaseAction.php (12)
in F:\web\AppServ\www\travel\hotel.php (13)
2012/10/31 16:36:33 [trace] [system.CModule] Loading "themeManager" application component
in F:\web\AppServ\www\travel\protected\components\BaseAction.php (18)
in F:\web\AppServ\www\travel\protected\hotel\controllers\site\LoginAction.php (26)
in F:\web\AppServ\www\travel\protected\components\BaseAction.php (12)
2012/10/31 16:36:33 [trace] [system.CModule] Loading "widgetFactory" application component
in F:\web\AppServ\www\travel\themes\hotel\views\site\login.php (8)
in F:\web\AppServ\www\travel\protected\components\BaseAction.php (18)
in F:\web\AppServ\www\travel\protected\hotel\controllers\site\LoginAction.php (26)
2012/10/31 16:36:33 [trace] [system.CModule] Loading "clientScript" application component
in F:\web\AppServ\www\travel\protected\components\widgets\hotel\views\admin_login.php (49)
in F:\web\AppServ\www\travel\protected\components\widgets\hotel\AdminLogin.php (18)
in F:\web\AppServ\www\travel\themes\hotel\views\site\login.php (8)
2012/10/31 16:36:33 [trace] [system.CModule] Loading "assetManager" application component
in F:\web\AppServ\www\travel\protected\components\BaseAction.php (18)
in F:\web\AppServ\www\travel\protected\hotel\controllers\site\LoginAction.php (26)
in F:\web\AppServ\www\travel\protected\components\BaseAction.php (12)
2012/10/31 16:36:33 [trace] [system.CModule] Loading "log" application component
in F:\web\AppServ\www\travel\hotel.php (13)
2012/10/31 16:36:33 [trace] [system.CModule] Loading "request" application component
in F:\web\AppServ\www\travel\hotel.php (13)
2012/10/31 16:36:33 [trace] [system.CModule] Loading "urlManager" application component
in F:\web\AppServ\www\travel\hotel.php (13)
2012/10/31 16:36:33 [trace] [system.CModule] Loading "db" application component
in F:\web\AppServ\www\travel\protected\hotel\controllers\site\LoginAction.php (14)
in F:\web\AppServ\www\travel\protected\components\BaseAction.php (12)
in F:\web\AppServ\www\travel\hotel.php (13)
2012/10/31 16:36:33 [trace] [system.db.CDbConnection] Opening DB connection
in F:\web\AppServ\www\travel\protected\hotel\controllers\site\LoginAction.php (14)
in F:\web\AppServ\www\travel\protected\components\BaseAction.php (12)
in F:\web\AppServ\www\travel\hotel.php (13)
2012/10/31 16:36:33 [trace] [system.CModule] Loading "cache" application component
in F:\web\AppServ\www\travel\protected\hotel\controllers\site\LoginAction.php (14)
in F:\web\AppServ\www\travel\protected\components\BaseAction.php (12)
in F:\web\AppServ\www\travel\hotel.php (13)
2012/10/31 16:36:33 [trace] [system.caching.CFileCache] Serving "yii:dbschemamysql:host=localhost;dbname=travel:root:{{members}}" from cache
in F:\web\AppServ\www\travel\protected\hotel\controllers\site\LoginAction.php (14)
in F:\web\AppServ\www\travel\protected\components\BaseAction.php (12)
in F:\web\AppServ\www\travel\hotel.php (13)
2012/10/31 16:36:33 [trace] [system.CModule] Loading "themeManager" application component
in F:\web\AppServ\www\travel\protected\components\BaseAction.php (18)
in F:\web\AppServ\www\travel\protected\hotel\controllers\site\LoginAction.php (26)
in F:\web\AppServ\www\travel\protected\components\BaseAction.php (12)
2012/10/31 16:36:33 [trace] [system.CModule] Loading "widgetFactory" application component
in F:\web\AppServ\www\travel\themes\hotel\views\site\login.php (8)
in F:\web\AppServ\www\travel\protected\components\BaseAction.php (18)
in F:\web\AppServ\www\travel\protected\hotel\controllers\site\LoginAction.php (26)
2012/10/31 16:36:34 [trace] [system.CModule] Loading "clientScript" application component
in F:\web\AppServ\www\travel\protected\components\widgets\hotel\views\admin_login.php (49)
in F:\web\AppServ\www\travel\protected\components\widgets\hotel\AdminLogin.php (18)
in F:\web\AppServ\www\travel\themes\hotel\views\site\login.php (8)
2012/10/31 16:36:34 [trace] [system.CModule] Loading "assetManager" application component
in F:\web\AppServ\www\travel\protected\components\BaseAction.php (18)
in F:\web\AppServ\www\travel\protected\hotel\controllers\site\LoginAction.php (26)
in F:\web\AppServ\www\travel\protected\components\BaseAction.php (12)
